Date - Tue, 17 Dec 2024 17:44:28 GMT | Method - GET | URL - /forbidden | Status - 403
Date - Tue, 17 Dec 2024 17:44:42 GMT | Method - GET | URL - /forbidden | Status - 403
Date - Tue, 17 Dec 2024 17:44:42 GMT | Method - GET | URL - /forbidden | Status - 403
Date - Tue, 17 Dec 2024 17:45:22 GMT | Method - GET | URL - /forbidden | Status - 403
Date - Tue, 17 Dec 2024 17:45:22 GMT | Method - GET | URL - /forbidden | Status - 403
Date - Tue, 17 Dec 2024 17:45:22 GMT | Method - GET | URL - /forbidden | Status - 403
Date - Tue, 17 Dec 2024 17:52:37 GMT | Method - GET | URL - /forbidden | Status - 403
Date - Tue, 17 Dec 2024 17:52:38 GMT | Method - GET | URL - /forbidden | Status - 403
Date - Tue, 17 Dec 2024 17:53:46 GMT | Method - GET | URL - /forbidden | Status - 403
Date - Tue, 17 Dec 2024 17:53:46 GMT | Method - GET | URL - /forbidden | Status - 403
Date - Tue, 17 Dec 2024 17:53:50 GMT | Method - GET | URL - / | Status - 200
Date - Tue, 17 Dec 2024 17:53:50 GMT | Method - GET | URL - /stylesheets/style.css | Status - 404
Date - Tue, 17 Dec 2024 17:55:24 GMT | Method - GET | URL - / | Status - 304
Date - Tue, 17 Dec 2024 17:58:03 GMT | Method - GET | URL - / | Status - 304
Date - Tue, 17 Dec 2024 17:58:50 GMT | Method - GET | URL - /ghs | Status - 404
Date - Tue, 17 Dec 2024 18:00:07 GMT | Method - GET | URL - / | Status - 304
Date - Tue, 17 Dec 2024 18:00:10 GMT | Method - GET | URL - / | Status - 304
Date - Tue, 17 Dec 2024 18:00:11 GMT | Method - GET | URL - / | Status - 304
Date - Mon, 06 Jan 2025 19:51:22 GMT | Method - GET | URL - / | Status - 200
Date - Mon, 06 Jan 2025 19:51:22 GMT | Method - GET | URL - /favicon.ico | Status - 404
Date - Mon, 06 Jan 2025 19:52:09 GMT | Method - GET | URL - / | Status - 200
Date - Wed, 08 Jan 2025 21:47:14 GMT | Method - GET | URL - / | Status - 200
Date - Wed, 08 Jan 2025 21:48:33 GMT | Method - GET | URL - /test | Status - 200
Date - Wed, 08 Jan 2025 21:50:42 GMT | Method - GET | URL - /test | Status - 200
Date - Wed, 08 Jan 2025 21:50:43 GMT | Method - GET | URL - /test | Status - 200
Date - Wed, 08 Jan 2025 21:50:55 GMT | Method - GET | URL - /test | Status - 404
Date - Thu, 09 Jan 2025 15:25:29 GMT | Method - GET | URL - /test | Status - 404
Date - Thu, 09 Jan 2025 15:25:33 GMT | Method - GET | URL - /test | Status - 404
Date - Thu, 09 Jan 2025 15:25:35 GMT | Method - GET | URL - /test | Status - 404
Date - Thu, 09 Jan 2025 16:03:59 GMT | Method - GET | URL - /34 | Status - 404
Date - Thu, 09 Jan 2025 16:04:05 GMT | Method - GET | URL - /vfd | Status - 404
Date - Thu, 09 Jan 2025 16:04:27 GMT | Method - GET | URL - /vfd | Status - 404
Date - Thu, 09 Jan 2025 17:03:21 GMT | Method - GET | URL - /vfd | Status - 404
Date - Thu, 09 Jan 2025 17:06:18 GMT | Method - GET | URL - /hobby/sleeping | Status - 404
Date - Thu, 09 Jan 2025 17:07:10 GMT | Method - GET | URL - /forbidden | Status - 403
Date - Thu, 13 Feb 2025 17:21:28 GMT | Method - GET | URL - /andrey | Status - 404
Date - Thu, 13 Feb 2025 17:21:36 GMT | Method - GET | URL - /andrey/qwerty | Status - 404
Date - Thu, 13 Feb 2025 17:21:50 GMT | Method - GET | URL - /itgenik/qwerty | Status - 404
Date - Thu, 13 Feb 2025 17:22:11 GMT | Method - GET | URL - /reg/itgenik/qwerty | Status - 200
Date - Thu, 13 Feb 2025 17:29:35 GMT | Method - GET | URL - /reg/itgenik/qwerty | Status - 304
Date - Thu, 13 Feb 2025 17:32:18 GMT | Method - GET | URL - /Reg | Status - 200
Date - Thu, 13 Feb 2025 17:46:18 GMT | Method - POST | URL - /reg | Status - 200
Date - Thu, 13 Feb 2025 17:46:21 GMT | Method - POST | URL - /reg | Status - 200
Date - Thu, 13 Feb 2025 17:47:09 GMT | Method - POST | URL - /reg | Status - 200
Date - Sat, 15 Feb 2025 17:20:52 GMT | Method - GET | URL - /Reg | Status - 200
Date - Sat, 15 Feb 2025 17:20:59 GMT | Method - POST | URL - /reg | Status - 200
Date - Sat, 15 Feb 2025 17:21:12 GMT | Method - POST | URL - /reg | Status - 200
Date - Sat, 15 Feb 2025 17:22:00 GMT | Method - POST | URL - /reg | Status - 200
Date - Sat, 15 Feb 2025 17:22:28 GMT | Method - POST | URL - /reg | Status - 200
Date - Sat, 15 Feb 2025 17:22:32 GMT | Method - POST | URL - /reg | Status - 200
Date - Sat, 15 Feb 2025 17:22:36 GMT | Method - POST | URL - /reg | Status - 200
Date - Sat, 15 Feb 2025 17:22:39 GMT | Method - POST | URL - /reg | Status - 200
Date - Sat, 15 Feb 2025 17:22:59 GMT | Method - GET | URL - /login | Status - 404
Date - Sat, 15 Feb 2025 17:23:02 GMT | Method - GET | URL - /log | Status - 404
Date - Sun, 16 Feb 2025 08:22:03 GMT | Method - GET | URL - /users/reg | Status - 404
Date - Sun, 16 Feb 2025 08:24:32 GMT | Method - GET | URL - /users/reg | Status - 200
Date - Thu, 20 Feb 2025 17:22:13 GMT | Method - GET | URL - /Reg | Status - 404
Date - Thu, 20 Feb 2025 17:24:08 GMT | Method - GET | URL - /Reg | Status - 404
Date - Thu, 20 Feb 2025 17:24:21 GMT | Method - GET | URL - /users/reg | Status - 200
Date - Thu, 20 Feb 2025 17:24:28 GMT | Method - POST | URL - /users/reg | Status - 200
Date - Thu, 20 Feb 2025 17:24:38 GMT | Method - POST | URL - /users/reg | Status - 200
Date - Thu, 20 Feb 2025 17:24:41 GMT | Method - POST | URL - /users/reg | Status - 200
Date - Thu, 06 Mar 2025 16:40:23 GMT | Method - GET | URL - /users/authorize | Status - 404
Date - Thu, 06 Mar 2025 16:40:29 GMT | Method - GET | URL - /users/login | Status - 500
Date - Thu, 06 Mar 2025 17:02:13 GMT | Method - GET | URL - /users/authorization | Status - 500
Date - Thu, 06 Mar 2025 17:03:03 GMT | Method - GET | URL - /users/h | Status - 404
Date - Thu, 06 Mar 2025 17:03:36 GMT | Method - GET | URL - /users/authorization | Status - 200
Date - Thu, 06 Mar 2025 17:03:47 GMT | Method - POST | URL - /users/login | Status - 404
Date - Thu, 06 Mar 2025 17:03:51 GMT | Method - POST | URL - /users/login | Status - 404
Date - Thu, 06 Mar 2025 17:04:22 GMT | Method - GET | URL - /users/reg | Status - 200
Date - Thu, 06 Mar 2025 17:04:36 GMT | Method - POST | URL - /users/reg | Status - 200
Date - Thu, 06 Mar 2025 17:04:40 GMT | Method - GET | URL - /users/authorization | Status - 304
Date - Thu, 06 Mar 2025 17:04:47 GMT | Method - POST | URL - /users/login | Status - 404
Date - Thu, 06 Mar 2025 17:05:42 GMT | Method - POST | URL - /users/login | Status - 404
Date - Thu, 06 Mar 2025 17:05:46 GMT | Method - GET | URL - /users/authorization | Status - 304
Date - Thu, 06 Mar 2025 17:05:55 GMT | Method - POST | URL - /users/login | Status - 404
Date - Thu, 06 Mar 2025 17:07:35 GMT | Method - POST | URL - /users/login | Status - 404
Date - Thu, 06 Mar 2025 17:11:05 GMT | Method - POST | URL - /users/login | Status - 404
Date - Thu, 06 Mar 2025 17:12:06 GMT | Method - POST | URL - /users/login | Status - 404
Date - Thu, 06 Mar 2025 17:12:10 GMT | Method - GET | URL - /users | Status - 404
Date - Thu, 06 Mar 2025 17:12:15 GMT | Method - GET | URL - /users/authorization | Status - 304
Date - Thu, 06 Mar 2025 17:18:09 GMT | Method - GET | URL - /users/authorization | Status - 304
Date - Thu, 06 Mar 2025 17:18:14 GMT | Method - POST | URL - /users/login | Status - 404
Date - Thu, 06 Mar 2025 17:18:17 GMT | Method - POST | URL - /users/login | Status - 404
Date - Thu, 06 Mar 2025 17:22:04 GMT | Method - POST | URL - /users/login | Status - 404
Date - Thu, 06 Mar 2025 17:22:07 GMT | Method - POST | URL - /users/login | Status - 404
Date - Thu, 06 Mar 2025 17:22:10 GMT | Method - POST | URL - /users/login | Status - 404
Date - Thu, 06 Mar 2025 17:27:47 GMT | Method - GET | URL - /users/authorization | Status - 200
Date - Thu, 06 Mar 2025 17:27:53 GMT | Method - POST | URL - /users/login | Status - 404
Date - Thu, 06 Mar 2025 17:27:56 GMT | Method - POST | URL - /users/login | Status - 404
Date - Thu, 06 Mar 2025 17:29:01 GMT | Method - GET | URL - /users/authorization | Status - 200
Date - Thu, 06 Mar 2025 17:29:04 GMT | Method - POST | URL - /users/login | Status - 404
Date - Thu, 06 Mar 2025 17:29:07 GMT | Method - POST | URL - /users/login | Status - 404
Date - Thu, 06 Mar 2025 17:29:33 GMT | Method - POST | URL - /users/login | Status - 404
Date - Thu, 06 Mar 2025 17:30:32 GMT | Method - POST | URL - /users/login | Status - 404
Date - Thu, 06 Mar 2025 17:30:43 GMT | Method - GET | URL - /users/reg | Status - 200
Date - Thu, 06 Mar 2025 17:30:51 GMT | Method - POST | URL - /users/reg | Status - 200
Date - Thu, 06 Mar 2025 17:30:55 GMT | Method - POST | URL - /users/reg | Status - 200
Date - Thu, 06 Mar 2025 17:31:03 GMT | Method - GET | URL - /users/authorization | Status - 304
Date - Thu, 06 Mar 2025 17:31:12 GMT | Method - POST | URL - /users/login | Status - 404
Date - Thu, 06 Mar 2025 17:33:20 GMT | Method - GET | URL - /users/authorization | Status - 304
Date - Thu, 06 Mar 2025 17:33:25 GMT | Method - POST | URL - /users/login | Status - 404
Date - Thu, 06 Mar 2025 17:34:45 GMT | Method - GET | URL - /users/authorization | Status - 304
Date - Thu, 06 Mar 2025 17:34:47 GMT | Method - POST | URL - /users/login | Status - 500
Date - Thu, 06 Mar 2025 17:39:33 GMT | Method - GET | URL - /users/authorization | Status - 304
Date - Thu, 06 Mar 2025 17:39:40 GMT | Method - POST | URL - /users/login | Status - 200
Date - Thu, 06 Mar 2025 17:39:48 GMT | Method - POST | URL - /users/login | Status - 200
Date - Thu, 06 Mar 2025 17:39:53 GMT | Method - GET | URL - /users/reg | Status - 200
Date - Thu, 06 Mar 2025 17:40:03 GMT | Method - POST | URL - /users/reg | Status - 200
Date - Thu, 06 Mar 2025 17:40:10 GMT | Method - POST | URL - /users/reg | Status - 200
Date - Thu, 06 Mar 2025 17:40:15 GMT | Method - GET | URL - /users/authorization | Status - 304
Date - Thu, 06 Mar 2025 17:40:19 GMT | Method - POST | URL - /users/login | Status - 200
Date - Thu, 06 Mar 2025 17:41:38 GMT | Method - POST | URL - /users/login | Status - 200
Date - Thu, 06 Mar 2025 17:41:59 GMT | Method - POST | URL - /users/login | Status - 200
Date - Thu, 06 Mar 2025 17:42:59 GMT | Method - GET | URL - /users/reg | Status - 200
Date - Thu, 06 Mar 2025 17:43:14 GMT | Method - POST | URL - /users/reg | Status - 200
Date - Thu, 06 Mar 2025 17:43:20 GMT | Method - GET | URL - /users/authorization | Status - 304
Date - Thu, 06 Mar 2025 17:43:24 GMT | Method - POST | URL - /users/login | Status - 200
Date - Thu, 06 Mar 2025 17:43:34 GMT | Method - POST | URL - /users/login | Status - 200
Date - Thu, 06 Mar 2025 17:44:22 GMT | Method - POST | URL - /users/login | Status - 200
Date - Thu, 06 Mar 2025 17:44:38 GMT | Method - POST | URL - /users/login | Status - 200
Date - Thu, 06 Mar 2025 17:45:09 GMT | Method - POST | URL - /users/login | Status - 200
Date - Thu, 06 Mar 2025 17:46:13 GMT | Method - POST | URL - /users/login | Status - 302
Date - Thu, 06 Mar 2025 17:49:28 GMT | Method - GET | URL - /authorize | Status - 404
Date - Thu, 06 Mar 2025 17:49:32 GMT | Method - GET | URL - /authorization | Status - 404
Date - Thu, 06 Mar 2025 17:49:36 GMT | Method - GET | URL - /users/authorization | Status - 304
Date - Thu, 06 Mar 2025 17:49:40 GMT | Method - POST | URL - /users/login | Status - 200
